TN:
SF:C:\Users\jospinac\Desktop\videoDirector\video-angular-6\src\polyfills.ts
FNF:0
FNH:0
LF:0
LH:0
BRF:0
BRH:0
end_of_record
TN:
SF:C:\Users\jospinac\Desktop\videoDirector\video-angular-6\src\test.ts
FNF:0
FNH:0
DA:13,1
DA:18,1
DA:20,1
LF:3
LH:3
BRF:0
BRH:0
end_of_record
TN:
SF:C:\Users\jospinac\Desktop\videoDirector\video-angular-6\src\app\app.base.announcer.ts
FN:14,(anonymous_2)
FN:35,AppBaseAnnouncer
FN:39,(anonymous_4)
FN:53,(anonymous_5)
FN:67,(anonymous_6)
FN:79,(anonymous_7)
FN:90,(anonymous_8)
FN:108,(anonymous_9)
FN:114,(anonymous_10)
FN:126,(anonymous_11)
FNF:10
FNH:9
FNDA:1,(anonymous_2)
FNDA:348,AppBaseAnnouncer
FNDA:22,(anonymous_4)
FNDA:26,(anonymous_5)
FNDA:6,(anonymous_6)
FNDA:8,(anonymous_7)
FNDA:2,(anonymous_8)
FNDA:1,(anonymous_9)
FNDA:2,(anonymous_10)
FNDA:0,(anonymous_11)
DA:14,1
DA:15,1
DA:17,1
DA:19,1
DA:21,1
DA:23,1
DA:25,1
DA:36,348
DA:39,1
DA:40,22
DA:41,22
DA:43,4
DA:45,2
DA:47,0
DA:49,1
DA:53,1
DA:54,26
DA:55,26
DA:57,4
DA:59,4
DA:61,2
DA:63,1
DA:67,1
DA:68,6
DA:69,3
DA:70,2
DA:72,1
DA:73,1
DA:79,1
DA:80,8
DA:81,4
DA:82,2
DA:84,2
DA:85,2
DA:90,1
DA:91,2
DA:92,1
DA:93,1
DA:99,0
DA:100,0
DA:108,1
DA:109,1
DA:110,1
DA:114,1
DA:115,2
DA:116,2
DA:117,1
DA:119,1
DA:120,1
DA:126,1
DA:127,0
DA:128,0
DA:131,0
DA:132,0
DA:135,1
LF:55
LH:48
BRDA:42,0,0,4
BRDA:42,0,1,2
BRDA:42,0,2,0
BRDA:42,0,3,1
BRDA:56,1,0,4
BRDA:56,1,1,4
BRDA:56,1,2,2
BRDA:56,1,3,1
BRDA:68,2,0,3
BRDA:68,2,1,3
BRDA:68,3,0,6
BRDA:68,3,1,3
BRDA:69,4,0,2
BRDA:69,4,1,1
BRDA:72,5,0,1
BRDA:72,5,1,0
BRDA:80,6,0,4
BRDA:80,6,1,4
BRDA:80,7,0,8
BRDA:80,7,1,4
BRDA:81,8,0,2
BRDA:81,8,1,2
BRDA:84,9,0,2
BRDA:84,9,1,0
BRDA:91,10,0,1
BRDA:91,10,1,1
BRDA:91,11,0,2
BRDA:91,11,1,1
BRDA:91,11,2,1
BRDA:92,12,0,1
BRDA:92,12,1,0
BRDA:99,13,0,0
BRDA:99,13,1,0
BRDA:115,14,0,2
BRDA:115,14,1,0
BRDA:115,15,0,2
BRDA:115,15,1,2
BRDA:116,16,0,1
BRDA:116,16,1,1
BRDA:119,17,0,1
BRDA:119,17,1,0
BRDA:127,18,0,0
BRDA:127,18,1,0
BRDA:131,19,0,0
BRDA:131,19,1,0
BRF:45
BRH:33
end_of_record
TN:
SF:C:\Users\jospinac\Desktop\videoDirector\video-angular-6\src\app\app.communication.service.ts
FN:5,(anonymous_1)
FN:4,AppActionsCommunicationService
FN:19,(anonymous_3)
FN:23,(anonymous_4)
FN:27,(anonymous_5)
FNF:5
FNH:1
FNDA:1,(anonymous_1)
FNDA:0,AppActionsCommunicationService
FNDA:0,(anonymous_3)
FNDA:0,(anonymous_4)
FNDA:0,(anonymous_5)
DA:5,1
DA:7,0
DA:8,0
DA:9,0
DA:11,0
DA:12,0
DA:13,0
DA:15,0
DA:16,0
DA:17,0
DA:19,1
DA:20,0
DA:23,1
DA:24,0
DA:27,1
DA:28,0
DA:30,1
LF:17
LH:5
BRF:0
BRH:0
end_of_record
TN:
SF:C:\Users\jospinac\Desktop\videoDirector\video-angular-6\src\app\app.component.ts
FN:15,(anonymous_2)
FN:29,AppComponent
FN:38,(anonymous_4)
FN:45,(anonymous_5)
FN:49,(anonymous_6)
FN:54,(anonymous_7)
FN:55,(anonymous_8)
FN:60,(anonymous_9)
FN:82,(anonymous_10)
FN:92,(anonymous_11)
FN:101,(anonymous_12)
FN:107,(anonymous_13)
FN:115,(anonymous_14)
FN:124,(anonymous_15)
FNF:14
FNH:11
FNDA:1,(anonymous_2)
FNDA:7,AppComponent
FNDA:7,(anonymous_4)
FNDA:2,(anonymous_5)
FNDA:0,(anonymous_6)
FNDA:5,(anonymous_7)
FNDA:5,(anonymous_8)
FNDA:1,(anonymous_9)
FNDA:6,(anonymous_10)
FNDA:2,(anonymous_11)
FNDA:0,(anonymous_12)
FNDA:2,(anonymous_13)
FNDA:13,(anonymous_14)
FNDA:0,(anonymous_15)
DA:15,1
DA:25,7
DA:29,7
DA:30,7
DA:31,7
DA:32,7
DA:33,7
DA:35,7
DA:36,7
DA:37,7
DA:39,7
DA:40,0
DA:45,2
DA:46,2
DA:47,2
DA:49,2
DA:50,0
DA:54,5
DA:55,5
DA:56,5
DA:58,5
DA:59,2
DA:60,1
DA:61,1
DA:62,1
DA:63,1
DA:64,0
DA:68,1
DA:69,1
DA:70,0
DA:74,3
DA:75,3
DA:76,3
DA:82,1
DA:83,6
DA:84,2
DA:85,4
DA:86,3
DA:88,1
DA:92,2
DA:93,2
DA:95,2
DA:97,2
DA:99,2
DA:101,2
DA:102,0
DA:107,1
DA:108,2
DA:109,1
DA:112,1
DA:115,1
DA:116,13
DA:117,9
DA:119,4
DA:121,13
DA:124,1
DA:125,0
DA:127,1
LF:58
LH:52
BRDA:39,0,0,0
BRDA:39,0,1,7
BRDA:58,1,0,2
BRDA:58,1,1,3
BRDA:59,2,0,1
BRDA:59,2,1,1
BRDA:63,3,0,0
BRDA:63,3,1,1
BRDA:69,4,0,0
BRDA:69,4,1,1
BRDA:83,5,0,2
BRDA:83,5,1,4
BRDA:85,6,0,3
BRDA:85,6,1,1
BRDA:108,7,0,1
BRDA:108,7,1,1
BRDA:116,8,0,9
BRDA:116,8,1,4
BRF:18
BRH:15
end_of_record
TN:
SF:C:\Users\jospinac\Desktop\videoDirector\video-angular-6\src\app\session.service.ts
FN:10,(anonymous_2)
FN:35,SessionService
FN:37,(anonymous_4)
FN:41,(anonymous_5)
FN:45,(anonymous_6)
FN:65,(anonymous_7)
FN:93,(anonymous_8)
FN:103,(anonymous_9)
FN:113,(anonymous_10)
FN:124,(anonymous_11)
FN:141,(anonymous_12)
FN:164,(anonymous_13)
FN:183,(anonymous_14)
FN:202,(anonymous_15)
FN:214,(anonymous_16)
FN:226,(anonymous_17)
FN:238,(anonymous_18)
FN:256,(anonymous_19)
FN:267,(anonymous_20)
FN:271,(anonymous_21)
FN:291,(anonymous_22)
FN:318,(anonymous_23)
FNF:22
FNH:22
FNDA:1,(anonymous_2)
FNDA:41,SessionService
FNDA:1,(anonymous_4)
FNDA:1,(anonymous_5)
FNDA:1,(anonymous_6)
FNDA:2,(anonymous_7)
FNDA:1,(anonymous_8)
FNDA:1,(anonymous_9)
FNDA:1,(anonymous_10)
FNDA:1,(anonymous_11)
FNDA:1,(anonymous_12)
FNDA:1,(anonymous_13)
FNDA:1,(anonymous_14)
FNDA:1,(anonymous_15)
FNDA:1,(anonymous_16)
FNDA:1,(anonymous_17)
FNDA:2,(anonymous_18)
FNDA:1,(anonymous_19)
FNDA:1,(anonymous_20)
FNDA:1,(anonymous_21)
FNDA:2,(anonymous_22)
FNDA:7,(anonymous_23)
DA:10,1
DA:12,41
DA:13,41
DA:14,41
DA:15,41
DA:16,41
DA:17,41
DA:18,41
DA:19,41
DA:20,41
DA:21,41
DA:22,41
DA:23,41
DA:24,41
DA:25,41
DA:27,41
DA:28,41
DA:29,41
DA:30,41
DA:35,41
DA:37,1
DA:38,1
DA:41,1
DA:42,1
DA:45,1
DA:53,1
DA:65,1
DA:74,2
DA:75,1
DA:78,2
DA:88,2
DA:90,2
DA:93,1
DA:94,1
DA:103,1
DA:104,1
DA:113,1
DA:114,1
DA:124,1
DA:131,1
DA:141,1
DA:150,1
DA:159,1
DA:161,1
DA:164,1
DA:172,1
DA:183,1
DA:191,1
DA:202,1
DA:203,1
DA:214,1
DA:215,1
DA:226,1
DA:227,1
DA:238,1
DA:244,2
DA:252,2
DA:253,2
DA:256,1
DA:257,1
DA:267,1
DA:268,1
DA:271,1
DA:278,1
DA:285,1
DA:286,1
DA:288,1
DA:291,1
DA:299,2
DA:308,2
DA:309,1
DA:312,2
DA:318,1
DA:319,7
DA:320,5
DA:322,7
DA:324,1
LF:77
LH:77
BRDA:74,0,0,1
BRDA:74,0,1,1
BRDA:308,1,0,1
BRDA:308,1,1,1
BRDA:319,2,0,5
BRDA:319,2,1,2
BRF:6
BRH:6
end_of_record
TN:
SF:C:\Users\jospinac\Desktop\videoDirector\video-angular-6\src\app\util.ts
FN:7,(anonymous_0)
FN:8,(anonymous_2)
FN:28,(anonymous_3)
FN:42,(anonymous_4)
FN:53,(anonymous_5)
FN:81,(anonymous_6)
FN:95,(anonymous_7)
FN:106,(anonymous_8)
FN:120,(anonymous_9)
FN:131,(anonymous_10)
FN:153,(anonymous_11)
FN:167,(anonymous_12)
FN:178,(anonymous_13)
FN:202,(anonymous_14)
FN:220,(anonymous_15)
FN:230,(anonymous_16)
FN:240,(anonymous_17)
FN:250,(anonymous_18)
FN:260,(anonymous_19)
FN:282,(anonymous_20)
FN:304,(anonymous_21)
FN:326,(anonymous_22)
FNF:22
FNH:22
FNDA:117,(anonymous_0)
FNDA:7,(anonymous_2)
FNDA:10,(anonymous_3)
FNDA:2,(anonymous_4)
FNDA:11,(anonymous_5)
FNDA:15,(anonymous_6)
FNDA:2,(anonymous_7)
FNDA:13,(anonymous_8)
FNDA:2,(anonymous_9)
FNDA:14,(anonymous_10)
FNDA:20,(anonymous_11)
FNDA:2,(anonymous_12)
FNDA:25,(anonymous_13)
FNDA:15,(anonymous_14)
FNDA:5,(anonymous_15)
FNDA:8,(anonymous_16)
FNDA:7,(anonymous_17)
FNDA:13,(anonymous_18)
FNDA:8,(anonymous_19)
FNDA:10,(anonymous_20)
FNDA:10,(anonymous_21)
FNDA:15,(anonymous_22)
DA:7,1
DA:8,1
DA:9,7
DA:10,7
DA:11,7
DA:12,7
DA:14,7
DA:15,1
DA:16,6
DA:17,2
DA:20,4
DA:23,4
DA:25,7
DA:28,1
DA:29,10
DA:30,1
DA:33,10
DA:34,10
DA:35,5
DA:39,4
DA:42,1
DA:43,2
DA:44,2
DA:45,2
DA:46,1
DA:47,1
DA:50,1
DA:53,1
DA:54,11
DA:55,11
DA:56,11
DA:57,11
DA:59,11
DA:60,3
DA:61,8
DA:62,1
DA:64,7
DA:66,7
DA:69,11
DA:70,3
DA:71,8
DA:72,1
DA:74,7
DA:76,7
DA:78,11
DA:81,1
DA:82,15
DA:83,2
DA:86,13
DA:87,12
DA:88,2
DA:92,11
DA:95,1
DA:96,2
DA:97,2
DA:98,2
DA:99,1
DA:100,1
DA:103,1
DA:106,1
DA:107,13
DA:108,1
DA:111,12
DA:112,11
DA:113,7
DA:117,5
DA:120,1
DA:121,2
DA:122,2
DA:123,2
DA:124,1
DA:125,1
DA:128,1
DA:131,1
DA:132,14
DA:133,14
DA:134,14
DA:135,14
DA:136,14
DA:137,14
DA:139,14
DA:140,2
DA:141,12
DA:142,1
DA:145,11
DA:148,11
DA:150,14
DA:153,1
DA:154,20
DA:155,2
DA:158,18
DA:159,17
DA:160,13
DA:164,5
DA:167,1
DA:168,2
DA:169,2
DA:170,2
DA:171,1
DA:172,1
DA:175,1
DA:178,1
DA:179,25
DA:180,25
DA:181,25
DA:182,25
DA:183,25
DA:184,25
DA:185,25
DA:186,25
DA:187,25
DA:188,25
DA:189,25
DA:190,25
DA:192,25
DA:193,1
DA:194,24
DA:195,1
DA:197,23
DA:199,25
DA:202,1
DA:203,15
DA:204,15
DA:205,15
DA:206,15
DA:207,15
DA:208,15
DA:209,15
DA:210,15
DA:211,15
DA:212,15
DA:213,15
DA:214,15
DA:215,15
DA:217,15
DA:220,1
DA:221,5
DA:222,5
DA:223,5
DA:224,1
DA:227,5
DA:230,1
DA:231,8
DA:232,8
DA:233,8
DA:234,7
DA:237,8
DA:240,1
DA:241,7
DA:242,7
DA:243,7
DA:244,1
DA:247,7
DA:250,1
DA:251,13
DA:252,14
DA:253,14
DA:254,2
DA:257,13
DA:260,1
DA:261,8
DA:262,8
DA:263,8
DA:264,1
DA:266,7
DA:268,3
DA:269,3
DA:270,1
DA:272,3
DA:274,4
DA:275,4
DA:279,8
DA:282,1
DA:283,10
DA:284,10
DA:285,10
DA:286,5
DA:288,5
DA:290,4
DA:291,4
DA:292,1
DA:294,4
DA:296,1
DA:297,1
DA:301,10
DA:304,1
DA:305,10
DA:306,10
DA:307,10
DA:308,0
DA:310,10
DA:312,3
DA:313,3
DA:314,1
DA:316,3
DA:318,7
DA:319,7
DA:323,10
DA:326,1
DA:327,15
DA:328,25
DA:329,25
DA:330,10
DA:332,15
DA:334,3
DA:335,3
DA:336,1
DA:338,3
DA:340,12
DA:341,12
DA:345,15
DA:347,1
LF:212
LH:211
BRDA:14,0,0,1
BRDA:14,0,1,6
BRDA:14,1,0,7
BRDA:14,1,1,6
BRDA:16,2,0,2
BRDA:16,2,1,4
BRDA:16,3,0,6
BRDA:16,3,1,4
BRDA:29,4,0,1
BRDA:29,4,1,9
BRDA:34,5,0,5
BRDA:34,5,1,5
BRDA:45,6,0,1
BRDA:45,6,1,1
BRDA:59,7,0,3
BRDA:59,7,1,8
BRDA:59,8,0,11
BRDA:59,8,1,11
BRDA:61,9,0,1
BRDA:61,9,1,7
BRDA:61,10,0,8
BRDA:61,10,1,7
BRDA:69,11,0,3
BRDA:69,11,1,8
BRDA:69,12,0,11
BRDA:69,12,1,11
BRDA:71,13,0,1
BRDA:71,13,1,7
BRDA:71,14,0,8
BRDA:71,14,1,7
BRDA:82,15,0,2
BRDA:82,15,1,13
BRDA:82,16,0,15
BRDA:82,16,1,14
BRDA:87,17,0,2
BRDA:87,17,1,10
BRDA:98,18,0,1
BRDA:98,18,1,1
BRDA:107,19,0,1
BRDA:107,19,1,12
BRDA:107,20,0,13
BRDA:107,20,1,12
BRDA:112,21,0,7
BRDA:112,21,1,4
BRDA:123,22,0,1
BRDA:123,22,1,1
BRDA:139,23,0,2
BRDA:139,23,1,12
BRDA:139,24,0,14
BRDA:139,24,1,12
BRDA:141,25,0,1
BRDA:141,25,1,11
BRDA:141,26,0,12
BRDA:141,26,1,11
BRDA:154,27,0,2
BRDA:154,27,1,18
BRDA:154,28,0,20
BRDA:154,28,1,19
BRDA:159,29,0,13
BRDA:159,29,1,4
BRDA:170,30,0,1
BRDA:170,30,1,1
BRDA:192,31,0,1
BRDA:192,31,1,24
BRDA:194,32,0,1
BRDA:194,32,1,23
BRDA:223,33,0,1
BRDA:223,33,1,4
BRDA:233,34,0,7
BRDA:233,34,1,1
BRDA:243,35,0,1
BRDA:243,35,1,6
BRDA:253,36,0,2
BRDA:253,36,1,12
BRDA:263,37,0,1
BRDA:263,37,1,7
BRDA:266,38,0,3
BRDA:266,38,1,4
BRDA:269,39,0,1
BRDA:269,39,1,2
BRDA:285,40,0,5
BRDA:285,40,1,5
BRDA:288,41,0,4
BRDA:288,41,1,1
BRDA:291,42,0,1
BRDA:291,42,1,3
BRDA:307,43,0,0
BRDA:307,43,1,10
BRDA:310,44,0,3
BRDA:310,44,1,7
BRDA:313,45,0,1
BRDA:313,45,1,2
BRDA:329,46,0,10
BRDA:329,46,1,15
BRDA:332,47,0,3
BRDA:332,47,1,12
BRDA:335,48,0,1
BRDA:335,48,1,2
BRF:98
BRH:97
end_of_record
TN:
SF:C:\Users\jospinac\Desktop\videoDirector\video-angular-6\src\app\conference\conference-description.ts
FNF:0
FNH:0
DA:1,1
LF:1
LH:1
BRF:0
BRH:0
end_of_record
TN:
SF:C:\Users\jospinac\Desktop\videoDirector\video-angular-6\src\app\conference\conference.component.ts
FN:19,(anonymous_7)
FN:31,ConferenceComponent
FN:62,(anonymous_9)
FN:38,(anonymous_10)
FN:45,(anonymous_11)
FN:52,(anonymous_12)
FN:58,(anonymous_13)
FN:84,(anonymous_14)
FN:88,(anonymous_15)
FN:93,(anonymous_16)
FN:100,(anonymous_17)
FNF:11
FNH:10
FNDA:1,(anonymous_7)
FNDA:12,ConferenceComponent
FNDA:9,(anonymous_9)
FNDA:12,(anonymous_10)
FNDA:12,(anonymous_11)
FNDA:1,(anonymous_12)
FNDA:0,(anonymous_13)
FNDA:4,(anonymous_14)
FNDA:2,(anonymous_15)
FNDA:6,(anonymous_16)
FNDA:7,(anonymous_17)
DA:19,1
DA:21,1
DA:23,1
DA:27,12
DA:32,12
DA:34,12
DA:36,12
DA:37,12
DA:39,12
DA:40,0
DA:44,12
DA:46,12
DA:47,0
DA:52,1
DA:53,1
DA:54,1
DA:55,1
DA:58,1
DA:59,0
DA:62,12
DA:63,9
DA:64,3
DA:65,6
DA:66,2
DA:67,1
DA:69,1
DA:71,4
DA:72,2
DA:75,1
DA:77,1
DA:80,2
DA:84,1
DA:85,4
DA:88,1
DA:89,2
DA:93,1
DA:94,6
DA:95,4
DA:97,2
DA:100,1
DA:101,7
DA:102,1
DA:104,6
DA:105,1
DA:107,5
DA:109,1
LF:46
LH:43
BRDA:36,0,0,12
BRDA:36,0,1,12
BRDA:63,1,0,3
BRDA:63,1,1,6
BRDA:65,2,0,2
BRDA:65,2,1,4
BRDA:66,3,0,1
BRDA:66,3,1,1
BRDA:66,4,0,2
BRDA:66,4,1,2
BRDA:71,5,0,2
BRDA:71,5,1,2
BRDA:72,6,0,1
BRDA:72,6,1,1
BRDA:72,7,0,2
BRDA:72,7,1,2
BRDA:72,7,2,2
BRDA:39,8,0,0
BRDA:39,8,1,12
BRDA:39,9,0,12
BRDA:39,9,1,0
BRDA:39,9,2,0
BRDA:46,10,0,0
BRDA:46,10,1,12
BRDA:46,11,0,12
BRDA:46,11,1,0
BRDA:46,11,2,0
BRDA:94,12,0,4
BRDA:94,12,1,2
BRDA:101,13,0,1
BRDA:101,13,1,6
BRDA:104,14,0,1
BRDA:104,14,1,5
BRF:33
BRH:27
end_of_record
TN:
SF:C:\Users\jospinac\Desktop\videoDirector\video-angular-6\src\app\conference\conference.ts
FN:4,(anonymous_0)
FNF:1
FNH:1
FNDA:1,(anonymous_0)
DA:4,1
DA:12,1
LF:2
LH:2
BRF:0
BRH:0
end_of_record
TN:
SF:C:\Users\jospinac\Desktop\videoDirector\video-angular-6\src\app\conference\conference-add-room\conference-add-room.component.ts
FN:16,(anonymous_7)
FN:31,ConferenceAddRoomComponent
FN:40,(anonymous_9)
FN:41,(anonymous_10)
FN:46,(anonymous_11)
FN:61,(anonymous_12)
FN:68,(anonymous_13)
FN:74,(anonymous_14)
FNF:8
FNH:7
FNDA:1,(anonymous_7)
FNDA:14,ConferenceAddRoomComponent
FNDA:2,(anonymous_9)
FNDA:2,(anonymous_10)
FNDA:10,(anonymous_11)
FNDA:6,(anonymous_12)
FNDA:0,(anonymous_13)
FNDA:10,(anonymous_14)
DA:16,1
DA:17,1
DA:19,1
DA:21,14
DA:27,14
DA:32,14
DA:33,14
DA:34,14
DA:37,14
DA:40,2
DA:41,2
DA:42,2
DA:46,10
DA:47,10
DA:48,4
DA:51,6
DA:52,6
DA:54,6
DA:62,6
DA:63,1
DA:65,6
DA:69,0
DA:74,1
DA:75,10
DA:76,4
DA:79,6
DA:80,6
DA:82,0
DA:84,1
LF:29
LH:27
BRDA:37,0,0,14
BRDA:37,0,1,14
BRDA:47,1,0,4
BRDA:47,1,1,6
BRDA:62,2,0,1
BRDA:62,2,1,5
BRDA:62,3,0,6
BRDA:62,3,1,6
BRDA:75,4,0,4
BRDA:75,4,1,6
BRDA:75,5,0,10
BRDA:75,5,1,8
BRDA:75,5,2,7
BRDA:79,6,0,6
BRDA:79,6,1,0
BRDA:79,7,0,6
BRDA:79,7,1,6
BRDA:79,7,2,6
BRF:18
BRH:17
end_of_record
TN:
SF:C:\Users\jospinac\Desktop\videoDirector\video-angular-6\src\app\drag-and-drop\drag-and-drop.service.ts
FN:5,(anonymous_1)
FN:8,(anonymous_3)
FN:13,(anonymous_4)
FNF:3
FNH:3
FNDA:5,(anonymous_1)
FNDA:2,(anonymous_3)
FNDA:1,(anonymous_4)
DA:5,1
DA:8,1
DA:9,2
DA:10,2
DA:13,1
DA:14,1
DA:16,1
LF:7
LH:7
BRF:0
BRH:0
end_of_record
TN:
SF:C:\Users\jospinac\Desktop\videoDirector\video-angular-6\src\app\extra-actions\extra-actions.component.ts
FN:17,(anonymous_7)
FN:31,ExtraActionsComponent
FN:38,(anonymous_9)
FN:42,(anonymous_10)
FN:46,(anonymous_11)
FN:50,(anonymous_12)
FN:54,(anonymous_13)
FN:58,(anonymous_14)
FN:62,(anonymous_15)
FN:89,(anonymous_16)
FN:91,(anonymous_17)
FN:97,(anonymous_18)
FN:101,(anonymous_19)
FN:105,(anonymous_20)
FN:115,(anonymous_21)
FN:125,(anonymous_22)
FN:144,(anonymous_23)
FN:147,(anonymous_24)
FN:149,(anonymous_25)
FN:154,(anonymous_26)
FN:157,(anonymous_27)
FN:159,(anonymous_28)
FN:164,(anonymous_29)
FN:168,(anonymous_30)
FN:182,(anonymous_31)
FN:189,(anonymous_32)
FN:197,(anonymous_33)
FN:208,(anonymous_34)
FN:218,(anonymous_35)
FN:231,(anonymous_36)
FN:233,(anonymous_37)
FN:238,(anonymous_38)
FN:251,(anonymous_39)
FNF:33
FNH:29
FNDA:1,(anonymous_7)
FNDA:128,ExtraActionsComponent
FNDA:3,(anonymous_9)
FNDA:2,(anonymous_10)
FNDA:3,(anonymous_11)
FNDA:3,(anonymous_12)
FNDA:1,(anonymous_13)
FNDA:3,(anonymous_14)
FNDA:20,(anonymous_15)
FNDA:20,(anonymous_16)
FNDA:0,(anonymous_17)
FNDA:4,(anonymous_18)
FNDA:16,(anonymous_19)
FNDA:11,(anonymous_20)
FNDA:8,(anonymous_21)
FNDA:5,(anonymous_22)
FNDA:3,(anonymous_23)
FNDA:3,(anonymous_24)
FNDA:0,(anonymous_25)
FNDA:3,(anonymous_26)
FNDA:3,(anonymous_27)
FNDA:0,(anonymous_28)
FNDA:4,(anonymous_29)
FNDA:13,(anonymous_30)
FNDA:13,(anonymous_31)
FNDA:4,(anonymous_32)
FNDA:11,(anonymous_33)
FNDA:5,(anonymous_34)
FNDA:5,(anonymous_35)
FNDA:4,(anonymous_36)
FNDA:0,(anonymous_37)
FNDA:4,(anonymous_38)
FNDA:3,(anonymous_39)
DA:17,1
DA:19,1
DA:21,1
DA:23,1
DA:25,1
DA:27,1
DA:29,128
DA:32,128
DA:33,128
DA:35,128
DA:38,1
DA:39,3
DA:42,1
DA:43,2
DA:46,1
DA:47,3
DA:50,1
DA:51,3
DA:54,1
DA:55,1
DA:58,1
DA:59,3
DA:62,20
DA:63,20
DA:64,20
DA:65,20
DA:68,20
DA:69,5
DA:70,5
DA:71,15
DA:72,8
DA:73,8
DA:75,7
DA:76,7
DA:79,20
DA:81,20
DA:90,20
DA:92,0
DA:97,1
DA:98,4
DA:101,1
DA:102,16
DA:105,1
DA:106,11
DA:107,2
DA:109,9
DA:110,6
DA:112,3
DA:115,1
DA:116,8
DA:117,2
DA:119,6
DA:120,3
DA:122,3
DA:125,1
DA:126,5
DA:128,5
DA:129,2
DA:132,5
DA:133,5
DA:134,2
DA:136,3
DA:137,3
DA:141,3
DA:144,3
DA:145,3
DA:147,3
DA:148,3
DA:150,0
DA:154,3
DA:155,3
DA:157,3
DA:158,3
DA:160,0
DA:164,1
DA:165,4
DA:168,1
DA:169,13
DA:171,2
DA:173,2
DA:175,5
DA:177,4
DA:182,1
DA:183,13
DA:184,4
DA:186,9
DA:189,1
DA:190,4
DA:191,1
DA:194,3
DA:197,1
DA:198,11
DA:199,3
DA:202,8
DA:203,8
DA:205,0
DA:208,1
DA:209,5
DA:210,2
DA:212,3
DA:213,2
DA:215,1
DA:218,5
DA:219,5
DA:220,1
DA:223,4
DA:225,4
DA:232,4
DA:234,0
DA:238,1
DA:239,4
DA:246,4
DA:248,0
DA:251,1
DA:252,3
DA:253,1
DA:256,2
DA:257,1
DA:260,1
DA:262,1
LF:120
LH:114
BRDA:35,0,0,128
BRDA:35,0,1,128
BRDA:68,1,0,5
BRDA:68,1,1,15
BRDA:68,2,0,20
BRDA:68,2,1,5
BRDA:71,3,0,8
BRDA:71,3,1,7
BRDA:75,4,0,7
BRDA:75,4,1,0
BRDA:98,5,0,4
BRDA:98,5,1,2
BRDA:106,6,0,2
BRDA:106,6,1,9
BRDA:106,7,0,11
BRDA:106,7,1,3
BRDA:109,8,0,6
BRDA:109,8,1,3
BRDA:116,9,0,2
BRDA:116,9,1,6
BRDA:116,10,0,8
BRDA:116,10,1,3
BRDA:119,11,0,3
BRDA:119,11,1,3
BRDA:128,12,0,2
BRDA:128,12,1,3
BRDA:128,13,0,5
BRDA:128,13,1,4
BRDA:133,14,0,2
BRDA:133,14,1,3
BRDA:133,15,0,5
BRDA:133,15,1,5
BRDA:170,16,0,2
BRDA:170,16,1,2
BRDA:170,16,2,5
BRDA:170,16,3,4
BRDA:183,17,0,4
BRDA:183,17,1,9
BRDA:183,18,0,13
BRDA:183,18,1,7
BRDA:190,19,0,1
BRDA:190,19,1,3
BRDA:190,20,0,4
BRDA:190,20,1,2
BRDA:198,21,0,3
BRDA:198,21,1,8
BRDA:198,22,0,11
BRDA:198,22,1,9
BRDA:202,23,0,8
BRDA:202,23,1,0
BRDA:202,24,0,8
BRDA:202,24,1,7
BRDA:209,25,0,2
BRDA:209,25,1,3
BRDA:209,26,0,5
BRDA:209,26,1,4
BRDA:212,27,0,2
BRDA:212,27,1,1
BRDA:212,28,0,3
BRDA:212,28,1,3
BRDA:212,28,2,1
BRDA:212,28,3,0
BRDA:219,29,0,1
BRDA:219,29,1,4
BRDA:239,30,0,4
BRDA:239,30,1,0
BRDA:240,31,0,4
BRDA:240,31,1,3
BRDA:240,31,2,1
BRDA:240,31,3,1
BRDA:240,31,4,1
BRDA:252,32,0,1
BRDA:252,32,1,2
BRDA:256,33,0,1
BRDA:256,33,1,1
BRDA:256,34,0,2
BRDA:256,34,1,2
BRF:77
BRH:73
end_of_record
TN:
SF:C:\Users\jospinac\Desktop\videoDirector\video-angular-6\src\app\hearing\hearing-description.ts
FNF:0
FNH:0
DA:1,1
LF:1
LH:1
BRF:0
BRH:0
end_of_record
TN:
SF:C:\Users\jospinac\Desktop\videoDirector\video-angular-6\src\app\hearing\hearing.component.ts
FN:18,(anonymous_7)
FN:40,HearingComponent
FN:48,(anonymous_9)
FN:55,(anonymous_10)
FN:62,(anonymous_11)
FN:66,(anonymous_12)
FN:67,(anonymous_13)
FN:70,(anonymous_14)
FN:71,(anonymous_15)
FN:74,(anonymous_16)
FN:76,(anonymous_17)
FN:78,(anonymous_18)
FN:83,(anonymous_19)
FN:85,(anonymous_20)
FN:87,(anonymous_21)
FN:92,(anonymous_22)
FN:101,(anonymous_23)
FN:110,(anonymous_24)
FN:127,(anonymous_25)
FNF:19
FNH:16
FNDA:1,(anonymous_7)
FNDA:33,HearingComponent
FNDA:33,(anonymous_9)
FNDA:33,(anonymous_10)
FNDA:2,(anonymous_11)
FNDA:1,(anonymous_12)
FNDA:1,(anonymous_13)
FNDA:1,(anonymous_14)
FNDA:1,(anonymous_15)
FNDA:3,(anonymous_16)
FNDA:3,(anonymous_17)
FNDA:0,(anonymous_18)
FNDA:3,(anonymous_19)
FNDA:3,(anonymous_20)
FNDA:0,(anonymous_21)
FNDA:5,(anonymous_22)
FNDA:4,(anonymous_23)
FNDA:6,(anonymous_24)
FNDA:0,(anonymous_25)
DA:18,1
DA:20,1
DA:22,1
DA:24,1
DA:26,1
DA:28,1
DA:34,33
DA:38,33
DA:41,33
DA:42,33
DA:43,33
DA:45,33
DA:46,33
DA:47,33
DA:49,33
DA:50,0
DA:54,33
DA:56,33
DA:57,0
DA:62,1
DA:63,2
DA:66,1
DA:67,1
DA:70,1
DA:71,1
DA:74,3
DA:75,3
DA:76,3
DA:77,3
DA:79,0
DA:83,3
DA:84,3
DA:85,3
DA:86,3
DA:88,0
DA:92,1
DA:93,5
DA:94,5
DA:96,5
DA:97,2
DA:101,1
DA:102,4
DA:110,1
DA:111,6
DA:112,1
DA:113,0
DA:115,1
DA:116,5
DA:117,1
DA:118,0
DA:121,1
DA:123,6
DA:124,6
DA:127,1
DA:128,0
DA:129,0
DA:131,0
DA:133,1
LF:58
LH:49
BRDA:45,0,0,33
BRDA:45,0,1,33
BRDA:49,1,0,0
BRDA:49,1,1,33
BRDA:49,2,0,33
BRDA:49,2,1,0
BRDA:49,2,2,0
BRDA:56,3,0,0
BRDA:56,3,1,33
BRDA:56,4,0,33
BRDA:56,4,1,0
BRDA:56,4,2,0
BRDA:96,5,0,2
BRDA:96,5,1,3
BRDA:111,6,0,1
BRDA:111,6,1,5
BRDA:112,7,0,0
BRDA:112,7,1,1
BRDA:116,8,0,1
BRDA:116,8,1,4
BRDA:117,9,0,0
BRDA:117,9,1,1
BRDA:128,10,0,0
BRDA:128,10,1,0
BRDA:128,11,0,0
BRDA:128,11,1,0
BRF:26
BRH:14
end_of_record
TN:
SF:C:\Users\jospinac\Desktop\videoDirector\video-angular-6\src\app\hearing\hearing.ts
FN:3,(anonymous_0)
FNF:1
FNH:1
FNDA:1,(anonymous_0)
DA:3,1
DA:11,1
LF:2
LH:2
BRF:0
BRH:0
end_of_record
TN:
SF:C:\Users\jospinac\Desktop\videoDirector\video-angular-6\src\app\move-to\move-to.component.ts
FN:18,(anonymous_7)
FN:34,MoveToComponent
FN:45,(anonymous_9)
FN:57,(anonymous_10)
FN:86,(anonymous_11)
FN:88,(anonymous_12)
FN:93,(anonymous_13)
FN:111,(anonymous_14)
FN:116,(anonymous_15)
FNF:9
FNH:7
FNDA:1,(anonymous_7)
FNDA:25,MoveToComponent
FNDA:16,(anonymous_9)
FNDA:8,(anonymous_10)
FNDA:8,(anonymous_11)
FNDA:0,(anonymous_12)
FNDA:4,(anonymous_13)
FNDA:4,(anonymous_14)
FNDA:0,(anonymous_15)
DA:18,1
DA:20,1
DA:22,1
DA:24,1
DA:26,1
DA:28,1
DA:30,25
DA:35,25
DA:36,25
DA:37,25
DA:39,25
DA:40,25
DA:45,1
DA:46,16
DA:47,14
DA:48,8
DA:50,6
DA:51,4
DA:57,8
DA:58,8
DA:59,8
DA:60,8
DA:61,8
DA:62,8
DA:63,6
DA:64,1
DA:68,8
DA:69,3
DA:70,3
DA:72,8
DA:73,1
DA:76,8
DA:77,8
DA:87,8
DA:89,0
DA:93,4
DA:94,4
DA:95,4
DA:96,4
DA:97,4
DA:98,2
DA:99,2
DA:102,4
DA:104,4
DA:112,4
DA:113,1
DA:115,4
DA:117,0
DA:120,1
LF:49
LH:47
BRDA:39,0,0,25
BRDA:39,0,1,25
BRDA:46,1,0,14
BRDA:46,1,1,2
BRDA:46,2,0,16
BRDA:46,2,1,14
BRDA:47,3,0,8
BRDA:47,3,1,6
BRDA:50,4,0,4
BRDA:50,4,1,2
BRDA:62,5,0,6
BRDA:62,5,1,2
BRDA:63,6,0,1
BRDA:63,6,1,5
BRDA:68,7,0,3
BRDA:68,7,1,5
BRDA:72,8,0,1
BRDA:72,8,1,7
BRDA:97,9,0,2
BRDA:97,9,1,2
BRDA:97,10,0,4
BRDA:97,10,1,2
BRDA:112,11,0,1
BRDA:112,11,1,3
BRDA:112,12,0,4
BRDA:112,12,1,4
BRF:26
BRH:26
end_of_record
TN:
SF:C:\Users\jospinac\Desktop\videoDirector\video-angular-6\src\app\participant\participant-description.ts
FNF:0
FNH:0
DA:1,1
LF:1
LH:1
BRF:0
BRH:0
end_of_record
TN:
SF:C:\Users\jospinac\Desktop\videoDirector\video-angular-6\src\app\participant\participant-dialing-direction-constants.ts
FNF:0
FNH:0
DA:1,1
DA:2,1
LF:2
LH:2
BRF:0
BRH:0
end_of_record
TN:
SF:C:\Users\jospinac\Desktop\videoDirector\video-angular-6\src\app\participant\participant-utils.ts
FN:4,(anonymous_0)
FN:6,(anonymous_2)
FN:20,(anonymous_3)
FNF:3
FNH:3
FNDA:247,(anonymous_0)
FNDA:16,(anonymous_2)
FNDA:45,(anonymous_3)
DA:4,1
DA:6,1
DA:7,16
DA:9,16
DA:10,3
DA:11,2
DA:13,13
DA:14,11
DA:17,16
DA:20,1
DA:21,45
DA:22,28
DA:25,17
DA:26,16
DA:28,1
DA:30,1
LF:16
LH:16
BRDA:9,0,0,3
BRDA:9,0,1,13
BRDA:10,1,0,2
BRDA:10,1,1,1
BRDA:11,2,0,1
BRDA:11,2,1,1
BRDA:13,3,0,11
BRDA:13,3,1,2
BRDA:14,4,0,6
BRDA:14,4,1,5
BRDA:21,5,0,28
BRDA:21,5,1,17
BRDA:25,6,0,16
BRDA:25,6,1,1
BRF:14
BRH:14
end_of_record
TN:
SF:C:\Users\jospinac\Desktop\videoDirector\video-angular-6\src\app\participant\participant.component.ts
FN:22,(anonymous_7)
FN:38,ParticipantComponent
FN:45,(anonymous_9)
FN:57,(anonymous_10)
FN:77,(anonymous_11)
FN:89,(anonymous_12)
FN:97,(anonymous_13)
FN:107,(anonymous_14)
FN:109,(anonymous_15)
FN:114,(anonymous_16)
FN:124,(anonymous_17)
FN:126,(anonymous_18)
FN:131,(anonymous_19)
FN:142,(anonymous_20)
FN:150,(anonymous_21)
FN:166,(anonymous_22)
FN:173,(anonymous_23)
FN:181,(anonymous_24)
FN:189,(anonymous_25)
FN:200,(anonymous_26)
FN:210,(anonymous_27)
FNF:21
FNH:19
FNDA:1,(anonymous_7)
FNDA:71,ParticipantComponent
FNDA:71,(anonymous_9)
FNDA:71,(anonymous_10)
FNDA:5,(anonymous_11)
FNDA:2,(anonymous_12)
FNDA:3,(anonymous_13)
FNDA:3,(anonymous_14)
FNDA:0,(anonymous_15)
FNDA:3,(anonymous_16)
FNDA:3,(anonymous_17)
FNDA:0,(anonymous_18)
FNDA:3,(anonymous_19)
FNDA:7,(anonymous_20)
FNDA:6,(anonymous_21)
FNDA:8,(anonymous_22)
FNDA:6,(anonymous_23)
FNDA:6,(anonymous_24)
FNDA:5,(anonymous_25)
FNDA:5,(anonymous_26)
FNDA:3,(anonymous_27)
DA:22,1
DA:24,1
DA:26,1
DA:28,1
DA:30,1
DA:32,71
DA:34,1
DA:36,71
DA:39,71
DA:40,71
DA:41,71
DA:43,71
DA:44,71
DA:46,71
DA:52,0
DA:56,71
DA:58,71
DA:64,0
DA:69,71
DA:73,71
DA:77,1
DA:78,5
DA:79,3
DA:82,2
DA:83,1
DA:86,1
DA:89,1
DA:90,2
DA:91,1
DA:94,1
DA:97,3
DA:98,3
DA:100,3
DA:108,3
DA:110,0
DA:114,3
DA:115,3
DA:117,3
DA:125,3
DA:127,0
DA:131,1
DA:132,3
DA:133,1
DA:134,1
DA:135,1
DA:139,2
DA:142,1
DA:143,7
DA:144,0
DA:147,7
DA:150,1
DA:151,6
DA:152,3
DA:153,1
DA:155,2
DA:158,3
DA:159,1
DA:161,2
DA:166,1
DA:167,8
DA:168,3
DA:170,5
DA:173,1
DA:174,6
DA:175,1
DA:178,5
DA:181,1
DA:182,6
DA:183,1
DA:186,5
DA:189,1
DA:190,5
DA:191,2
DA:194,3
DA:195,2
DA:197,1
DA:200,1
DA:201,5
DA:210,1
DA:211,3
DA:212,3
DA:213,1
DA:214,1
DA:217,2
DA:218,1
DA:220,2
DA:222,1
LF:87
LH:82
BRDA:43,0,0,71
BRDA:43,0,1,71
BRDA:46,1,0,0
BRDA:46,1,1,71
BRDA:47,2,0,71
BRDA:47,2,1,0
BRDA:47,2,2,0
BRDA:47,2,3,0
BRDA:58,3,0,0
BRDA:58,3,1,71
BRDA:59,4,0,71
BRDA:59,4,1,0
BRDA:59,4,2,0
BRDA:59,4,3,0
BRDA:78,5,0,3
BRDA:78,5,1,2
BRDA:78,6,0,5
BRDA:78,6,1,3
BRDA:82,7,0,1
BRDA:82,7,1,1
BRDA:90,8,0,1
BRDA:90,8,1,1
BRDA:132,9,0,1
BRDA:132,9,1,2
BRDA:132,10,0,3
BRDA:132,10,1,2
BRDA:134,11,0,1
BRDA:134,11,1,0
BRDA:143,12,0,0
BRDA:143,12,1,7
BRDA:151,13,0,3
BRDA:151,13,1,3
BRDA:152,14,0,1
BRDA:152,14,1,2
BRDA:158,15,0,1
BRDA:158,15,1,2
BRDA:158,16,0,3
BRDA:158,16,1,2
BRDA:167,17,0,3
BRDA:167,17,1,5
BRDA:167,18,0,8
BRDA:167,18,1,8
BRDA:174,19,0,1
BRDA:174,19,1,5
BRDA:182,20,0,1
BRDA:182,20,1,5
BRDA:190,21,0,2
BRDA:190,21,1,3
BRDA:190,22,0,5
BRDA:190,22,1,4
BRDA:194,23,0,2
BRDA:194,23,1,1
BRDA:212,24,0,1
BRDA:212,24,1,2
BRDA:217,25,0,1
BRDA:217,25,1,1
BRF:56
BRH:46
end_of_record
TN:
SF:C:\Users\jospinac\Desktop\videoDirector\video-angular-6\src\app\participant\participant.ts
FN:3,(anonymous_0)
FNF:1
FNH:1
FNDA:1,(anonymous_0)
DA:3,1
DA:18,1
LF:2
LH:2
BRF:0
BRH:0
end_of_record
TN:
SF:C:\Users\jospinac\Desktop\videoDirector\video-angular-6\src\app\participant\participant-change-status-actions\participant-change-status-actions.component.ts
FN:29,(anonymous_7)
FN:69,ParticipantChangeStatusActionsComponent
FN:76,(anonymous_9)
FN:84,(anonymous_10)
FN:88,(anonymous_11)
FN:95,(anonymous_12)
FN:100,(anonymous_13)
FN:108,(anonymous_14)
FN:123,(anonymous_15)
FN:126,(anonymous_16)
FN:132,(anonymous_17)
FN:144,(anonymous_18)
FN:152,(anonymous_19)
FNF:13
FNH:10
FNDA:1,(anonymous_7)
FNDA:18,ParticipantChangeStatusActionsComponent
FNDA:0,(anonymous_9)
FNDA:0,(anonymous_10)
FNDA:2,(anonymous_11)
FNDA:4,(anonymous_12)
FNDA:3,(anonymous_13)
FNDA:3,(anonymous_14)
FNDA:1,(anonymous_15)
FNDA:0,(anonymous_16)
FNDA:3,(anonymous_17)
FNDA:7,(anonymous_18)
FNDA:1,(anonymous_19)
DA:29,1
DA:31,1
DA:33,1
DA:35,1
DA:37,1
DA:39,1
DA:41,1
DA:43,1
DA:45,18
DA:47,18
DA:49,18
DA:51,18
DA:53,18
DA:55,18
DA:57,18
DA:59,18
DA:67,18
DA:70,18
DA:73,18
DA:76,1
DA:77,0
DA:78,0
DA:80,0
DA:84,1
DA:85,0
DA:88,1
DA:89,2
DA:90,1
DA:92,1
DA:95,1
DA:96,4
DA:97,4
DA:100,1
DA:101,3
DA:102,1
DA:104,2
DA:108,3
DA:109,3
DA:110,2
DA:113,1
DA:115,1
DA:124,1
DA:127,0
DA:132,1
DA:133,3
DA:134,2
DA:137,1
DA:138,1
DA:141,0
DA:144,1
DA:145,7
DA:146,2
DA:148,5
DA:149,5
DA:152,1
DA:153,1
DA:155,1
LF:57
LH:51
BRDA:73,0,0,18
BRDA:73,0,1,18
BRDA:77,1,0,0
BRDA:77,1,1,0
BRDA:77,2,0,0
BRDA:77,2,1,0
BRDA:89,3,0,1
BRDA:89,3,1,1
BRDA:89,4,0,2
BRDA:89,4,1,2
BRDA:101,5,0,1
BRDA:101,5,1,2
BRDA:109,6,0,2
BRDA:109,6,1,1
BRDA:133,7,0,2
BRDA:133,7,1,1
BRDA:133,8,0,3
BRDA:133,8,1,2
BRDA:133,8,2,2
BRDA:137,9,0,1
BRDA:137,9,1,0
BRDA:137,10,0,1
BRDA:137,10,1,1
BRDA:137,10,2,1
BRDA:145,11,0,2
BRDA:145,11,1,5
BRF:26
BRH:21
end_of_record
TN:
SF:C:\Users\jospinac\Desktop\videoDirector\video-angular-6\src\app\participant\participant-status\participant-status-constants.ts
FNF:0
FNH:0
DA:3,1
DA:11,1
DA:20,1
DA:28,1
DA:36,1
DA:44,1
DA:52,1
LF:7
LH:7
BRF:0
BRH:0
end_of_record
TN:
SF:C:\Users\jospinac\Desktop\videoDirector\video-angular-6\src\app\participant\participant-status\participant-status-list.ts
FNF:0
FNH:0
DA:3,1
DA:12,1
LF:2
LH:2
BRF:0
BRH:0
end_of_record
TN:
SF:C:\Users\jospinac\Desktop\videoDirector\video-angular-6\src\app\performing-action-indicator\performing-action-indicator.component.ts
FN:11,(anonymous_2)
FN:17,PerformingActionIndicatorComponent
FN:19,(anonymous_4)
FN:23,(anonymous_5)
FN:33,(anonymous_6)
FN:43,(anonymous_7)
FN:52,(anonymous_8)
FN:58,(anonymous_9)
FN:65,(anonymous_10)
FN:69,(anonymous_11)
FN:79,(anonymous_12)
FNF:11
FNH:11
FNDA:1,(anonymous_2)
FNDA:35,PerformingActionIndicatorComponent
FNDA:3,(anonymous_4)
FNDA:6,(anonymous_5)
FNDA:6,(anonymous_6)
FNDA:6,(anonymous_7)
FNDA:6,(anonymous_8)
FNDA:2,(anonymous_9)
FNDA:2,(anonymous_10)
FNDA:27,(anonymous_11)
FNDA:34,(anonymous_12)
DA:11,1
DA:13,1
DA:15,1
DA:17,35
DA:19,1
DA:20,3
DA:23,1
DA:24,6
DA:26,6
DA:27,3
DA:30,6
DA:33,1
DA:34,6
DA:36,6
DA:37,3
DA:40,6
DA:43,1
DA:44,6
DA:46,6
DA:47,3
DA:49,6
DA:52,1
DA:53,6
DA:54,6
DA:58,1
DA:59,2
DA:60,1
DA:62,1
DA:65,1
DA:66,2
DA:69,1
DA:70,27
DA:71,9
DA:72,18
DA:73,9
DA:76,9
DA:79,1
DA:80,34
DA:82,1
DA:84,1
DA:86,6
DA:88,3
DA:90,3
DA:92,3
DA:94,3
DA:96,3
DA:98,3
DA:100,3
DA:102,2
DA:104,2
DA:106,1
DA:108,1
LF:52
LH:52
BRDA:26,0,0,3
BRDA:26,0,1,3
BRDA:36,1,0,3
BRDA:36,1,1,3
BRDA:46,2,0,3
BRDA:46,2,1,3
BRDA:59,3,0,1
BRDA:59,3,1,1
BRDA:70,4,0,9
BRDA:70,4,1,18
BRDA:72,5,0,9
BRDA:72,5,1,9
BRDA:81,6,0,1
BRDA:81,6,1,1
BRDA:81,6,2,6
BRDA:81,6,3,3
BRDA:81,6,4,3
BRDA:81,6,5,3
BRDA:81,6,6,3
BRDA:81,6,7,3
BRDA:81,6,8,3
BRDA:81,6,9,3
BRDA:81,6,10,2
BRDA:81,6,11,2
BRF:24
BRH:24
end_of_record
TN:
SF:C:\Users\jospinac\Desktop\videoDirector\video-angular-6\src\app\room\room-description.ts
FNF:0
FNH:0
DA:1,1
LF:1
LH:1
BRF:0
BRH:0
end_of_record
TN:
SF:C:\Users\jospinac\Desktop\videoDirector\video-angular-6\src\app\room\room.component.ts
FN:18,(anonymous_7)
FN:38,RoomComponent
FN:45,(anonymous_9)
FN:52,(anonymous_10)
FN:60,(anonymous_11)
FN:72,(anonymous_12)
FN:84,(anonymous_13)
FN:87,(anonymous_14)
FN:89,(anonymous_15)
FN:94,(anonymous_16)
FN:97,(anonymous_17)
FN:99,(anonymous_18)
FN:104,(anonymous_19)
FN:108,(anonymous_20)
FN:113,(anonymous_21)
FN:117,(anonymous_22)
FN:126,(anonymous_23)
FNF:17
FNH:15
FNDA:1,(anonymous_7)
FNDA:47,RoomComponent
FNDA:47,(anonymous_9)
FNDA:47,(anonymous_10)
FNDA:5,(anonymous_11)
FNDA:4,(anonymous_12)
FNDA:4,(anonymous_13)
FNDA:4,(anonymous_14)
FNDA:0,(anonymous_15)
FNDA:3,(anonymous_16)
FNDA:3,(anonymous_17)
FNDA:0,(anonymous_18)
FNDA:5,(anonymous_19)
FNDA:5,(anonymous_20)
FNDA:5,(anonymous_21)
FNDA:4,(anonymous_22)
FNDA:3,(anonymous_23)
DA:18,1
DA:20,1
DA:22,1
DA:24,1
DA:26,47
DA:30,47
DA:34,47
DA:36,1
DA:39,47
DA:40,47
DA:41,47
DA:43,47
DA:44,47
DA:46,47
DA:47,0
DA:51,47
DA:53,47
DA:54,0
DA:60,1
DA:61,5
DA:62,1
DA:65,4
DA:66,1
DA:69,3
DA:72,1
DA:73,4
DA:74,2
DA:77,2
DA:78,1
DA:81,1
DA:84,4
DA:85,4
DA:86,4
DA:88,4
DA:90,0
DA:94,3
DA:95,3
DA:96,3
DA:98,3
DA:100,0
DA:104,1
DA:105,5
DA:108,1
DA:109,5
DA:113,1
DA:114,5
DA:117,1
DA:118,4
DA:126,1
DA:127,3
DA:128,3
DA:129,1
DA:130,1
DA:133,2
DA:134,1
DA:136,2
DA:138,1
LF:57
LH:53
BRDA:43,0,0,47
BRDA:43,0,1,47
BRDA:46,1,0,0
BRDA:46,1,1,47
BRDA:46,2,0,47
BRDA:46,2,1,0
BRDA:46,2,2,0
BRDA:53,3,0,0
BRDA:53,3,1,47
BRDA:53,4,0,47
BRDA:53,4,1,0
BRDA:53,4,2,0
BRDA:61,5,0,1
BRDA:61,5,1,4
BRDA:65,6,0,1
BRDA:65,6,1,3
BRDA:65,7,0,4
BRDA:65,7,1,2
BRDA:73,8,0,2
BRDA:73,8,1,2
BRDA:77,9,0,1
BRDA:77,9,1,1
BRDA:128,10,0,1
BRDA:128,10,1,2
BRDA:133,11,0,1
BRDA:133,11,1,1
BRF:26
BRH:20
end_of_record
TN:
SF:C:\Users\jospinac\Desktop\videoDirector\video-angular-6\src\app\room\room.constants.ts
FNF:0
FNH:0
DA:1,1
LF:1
LH:1
BRF:0
BRH:0
end_of_record
TN:
SF:C:\Users\jospinac\Desktop\videoDirector\video-angular-6\src\app\room\room.ts
FN:1,(anonymous_0)
FNF:1
FNH:1
FNDA:1,(anonymous_0)
DA:1,1
DA:15,1
LF:2
LH:2
BRF:0
BRH:0
end_of_record
TN:
SF:C:\Users\jospinac\Desktop\videoDirector\video-angular-6\src\app\room\room.utils.ts
FN:4,(anonymous_0)
FN:5,(anonymous_2)
FN:17,(anonymous_3)
FN:33,(anonymous_4)
FNF:4
FNH:4
FNDA:119,(anonymous_0)
FNDA:10,(anonymous_2)
FNDA:12,(anonymous_3)
FNDA:10,(anonymous_4)
DA:4,1
DA:5,1
DA:6,10
DA:7,1
DA:10,9
DA:11,2
DA:14,7
DA:17,1
DA:18,12
DA:19,3
DA:22,9
DA:23,2
DA:26,7
DA:27,3
DA:30,4
DA:33,1
DA:34,10
DA:35,2
DA:38,8
DA:39,2
DA:42,6
DA:43,0
DA:46,6
DA:48,1
LF:24
LH:23
BRDA:6,0,0,1
BRDA:6,0,1,9
BRDA:10,1,0,2
BRDA:10,1,1,7
BRDA:18,2,0,3
BRDA:18,2,1,9
BRDA:22,3,0,2
BRDA:22,3,1,7
BRDA:26,4,0,3
BRDA:26,4,1,4
BRDA:34,5,0,2
BRDA:34,5,1,8
BRDA:38,6,0,2
BRDA:38,6,1,6
BRDA:42,7,0,0
BRDA:42,7,1,6
BRF:16
BRH:15
end_of_record
TN:
SF:C:\Users\jospinac\Desktop\videoDirector\video-angular-6\src\app\session\session.ts
FN:3,(anonymous_0)
FN:8,(anonymous_2)
FN:12,(anonymous_4)
FNF:3
FNH:3
FNDA:1,(anonymous_0)
FNDA:1,(anonymous_2)
FNDA:1,(anonymous_4)
DA:3,1
DA:6,1
DA:8,1
DA:10,1
DA:12,1
DA:18,1
LF:6
LH:6
BRF:0
BRH:0
end_of_record
